::1 - - [11/Oct/2024:05:30:48 +0000] "POST /login HTTP/1.1" 200 173 "-" "PostmanRuntime/7.42.0"
::1 - - [11/Oct/2024:05:38:43 +0000] "POST /login HTTP/1.1" 200 173 "-" "PostmanRuntime/7.42.0"
::1 - - [11/Oct/2024:05:39:21 +0000] "POST /login HTTP/1.1" 200 173 "-" "PostmanRuntime/7.42.0"
::1 - - [11/Oct/2024:09:41:49 +0000] "GET / HTTP/1.1" 200 15 "-" "PostmanRuntime/7.42.0"
::1 - - [11/Oct/2024:09:42:14 +0000] "POST /signup HTTP/1.1" 201 43 "-" "PostmanRuntime/7.42.0"
::1 - - [11/Oct/2024:09:43:30 +0000] "POST /login HTTP/1.1" 200 173 "-" "PostmanRuntime/7.42.0"
::1 - - [11/Oct/2024:09:44:03 +0000] "GET /balance HTTP/1.1" 200 22 "-" "PostmanRuntime/7.42.0"
::1 - - [11/Oct/2024:09:44:50 +0000] "POST /withdraw HTTP/1.1" 200 35 "-" "PostmanRuntime/7.42.0"
::1 - - [11/Oct/2024:09:44:59 +0000] "GET /balance HTTP/1.1" 200 21 "-" "PostmanRuntime/7.42.0"
::1 - - [11/Oct/2024:17:32:08 +0000] "POST /register HTTP/1.1" 404 148 "-" "PostmanRuntime/7.42.0"
::1 - - [11/Oct/2024:17:32:16 +0000] "POST /signup HTTP/1.1" 201 43 "-" "PostmanRuntime/7.42.0"
::1 - - [11/Oct/2024:17:32:24 +0000] "POST /login HTTP/1.1" 200 173 "-" "PostmanRuntime/7.42.0"
::1 - - [11/Oct/2024:17:33:02 +0000] "GET /balance HTTP/1.1" 403 9 "-" "PostmanRuntime/7.42.0"
::1 - - [11/Oct/2024:17:33:12 +0000] "GET /balance HTTP/1.1" 403 9 "-" "PostmanRuntime/7.42.0"
::1 - - [11/Oct/2024:17:37:20 +0000] "GET /balance HTTP/1.1" 403 9 "-" "PostmanRuntime/7.42.0"
::1 - - [11/Oct/2024:17:37:45 +0000] "GET /balance HTTP/1.1" 403 9 "-" "PostmanRuntime/7.42.0"
::1 - - [11/Oct/2024:17:39:00 +0000] "GET /balance HTTP/1.1" 403 9 "-" "PostmanRuntime/7.42.0"
::1 - - [11/Oct/2024:17:57:05 +0000] "GET /balance HTTP/1.1" 403 9 "-" "PostmanRuntime/7.42.0"
::1 - - [11/Oct/2024:17:57:13 +0000] "POST /login HTTP/1.1" 200 173 "-" "PostmanRuntime/7.42.0"
::1 - - [11/Oct/2024:17:57:31 +0000] "POST /login HTTP/1.1" 200 173 "-" "PostmanRuntime/7.42.0"
::1 - - [11/Oct/2024:17:57:41 +0000] "POST /withdraw HTTP/1.1" 403 9 "-" "PostmanRuntime/7.42.0"
::1 - - [11/Oct/2024:17:58:21 +0000] "POST /withdraw HTTP/1.1" 403 9 "-" "PostmanRuntime/7.42.0"
::1 - - [11/Oct/2024:17:58:29 +0000] "POST /balance HTTP/1.1" 404 147 "-" "PostmanRuntime/7.42.0"
::1 - - [11/Oct/2024:17:58:36 +0000] "GET /balance HTTP/1.1" 403 9 "-" "PostmanRuntime/7.42.0"
::1 - - [11/Oct/2024:17:58:52 +0000] "GET /balance HTTP/1.1" 200 23 "-" "PostmanRuntime/7.42.0"
::1 - - [11/Oct/2024:18:08:31 +0000] "GET /balance HTTP/1.1" 200 23 "-" "PostmanRuntime/7.42.0"
::1 - - [11/Oct/2024:18:08:37 +0000] "GET /login HTTP/1.1" 404 144 "-" "PostmanRuntime/7.42.0"
::1 - - [11/Oct/2024:18:08:58 +0000] "GET /withdraw HTTP/1.1" 404 147 "-" "PostmanRuntime/7.42.0"
::1 - - [11/Oct/2024:18:09:02 +0000] "POST /withdraw HTTP/1.1" 400 32 "-" "PostmanRuntime/7.42.0"
::1 - - [11/Oct/2024:18:09:35 +0000] "POST /transfer HTTP/1.1" 404 33 "-" "PostmanRuntime/7.42.0"
::1 - - [11/Oct/2024:18:09:42 +0000] "POST /transfer HTTP/1.1" 404 33 "-" "PostmanRuntime/7.42.0"
::1 - - [11/Oct/2024:18:09:48 +0000] "POST /transfer HTTP/1.1" 404 33 "-" "PostmanRuntime/7.42.0"
::1 - - [11/Oct/2024:18:09:58 +0000] "POST /transfer HTTP/1.1" 404 33 "-" "PostmanRuntime/7.42.0"
::1 - - [11/Oct/2024:18:10:15 +0000] "POST /transfer HTTP/1.1" 200 33 "-" "PostmanRuntime/7.42.0"
